<?xml version="1.0" encoding="UTF-8"?>
<!-- Generated by org.testng.reporters.JUnitReportReporter -->
<testsuite hostname="P3CLAP-F1W4AFH" failures="0" tests="2" name="onlineShopping.test.TestLogin" time="84.080" errors="0" timestamp="2021-04-21T12:52:56 IST" skipped="0">
  <testcase classname="onlineShopping.test.TestLogin" name="Login" time="83.512"/>
  <system-out/>
  <testcase classname="onlineShopping.test.TestLogin" name="Close" time="0.568"/>
  <system-out/>
</testsuite> <!-- onlineShopping.test.TestLogin -->
