<?xml version="1.0" encoding="UTF-8"?>
<!-- Generated by org.testng.reporters.JUnitReportReporter -->
<testsuite skipped="0" hostname="P3ALAP-8SRGRQ2" name="testmeapp.tests.OnlineShoppingTest" tests="2" failures="0" timestamp="2021-02-14T22:31:51 IST" time="26.835" errors="0">
  <testcase name="testLogin" time="10.433" classname="testmeapp.tests.OnlineShoppingTest"/>
  <system-out/>
  <testcase name="testCart" time="16.402" classname="testmeapp.tests.OnlineShoppingTest"/>
  <system-out/>
</testsuite> <!-- testmeapp.tests.OnlineShoppingTest -->
